<?xml version="1.0" encoding="UTF-8"?>
<testng-results ignored="0" total="1" passed="1" failed="0" skipped="0">
  <reporter-output>
  </reporter-output>
  <suite started-at="2024-07-29T20:14:44 CST" name="Practice Suite" finished-at="2024-07-29T20:14:50 CST" duration-ms="6551">
    <groups>
      <group name="parabank">
        <method signature="TC001_UserRegistrationTest.verify_account_registration()[pri:0, instance:testCases.TC001_UserRegistrationTest@674bd420]" name="verify_account_registration" class="testCases.TC001_UserRegistrationTest"/>
      </group> <!-- parabank -->
      <group name="master">
        <method signature="TC001_UserRegistrationTest.verify_account_registration()[pri:0, instance:testCases.TC001_UserRegistrationTest@674bd420]" name="verify_account_registration" class="testCases.TC001_UserRegistrationTest"/>
      </group> <!-- master -->
    </groups>
    <test started-at="2024-07-29T20:14:44 CST" name="For parabank page" finished-at="2024-07-29T20:14:50 CST" duration-ms="6551">
      <class name="testCases.TC001_UserRegistrationTest">
        <test-method is-config="true" signature="setup(java.lang.String,java.lang.String,java.lang.String)[pri:0, instance:testCases.TC001_UserRegistrationTest@674bd420]" started-at="2024-07-29T20:14:44 CST" name="setup" finished-at="2024-07-29T20:14:48 CST" duration-ms="3630" status="PASS">
          <params>
            <param index="0">
              <value>
                <![CDATA[Windows]]>
              </value>
            </param>
            <param index="1">
              <value>
                <![CDATA[Chrome]]>
              </value>
            </param>
            <param index="2">
              <value>
                <![CDATA[https://parabank.parasoft.com/parabank/index.htm]]>
              </value>
            </param>
          </params>
          <reporter-output>
          </reporter-output>
        </test-method> <!-- setup -->
        <test-method signature="verify_account_registration()[pri:0, instance:testCases.TC001_UserRegistrationTest@674bd420]" started-at="2024-07-29T20:14:48 CST" name="verify_account_registration" finished-at="2024-07-29T20:14:50 CST" duration-ms="2653" status="PASS">
          <reporter-output>
          </reporter-output>
        </test-method> <!-- verify_account_registration -->
      </class> <!-- testCases.TC001_UserRegistrationTest -->
    </test> <!-- For parabank page -->
  </suite> <!-- Practice Suite -->
</testng-results>
